2015/07/15 02:49:47 [error] [exception.CException] exception 'CException' with message 'Property "CUrlManager.showScripName" is not defined.' in B:\xampp\htdocs\Publico\Practicas\yii\framework\base\CComponent.php:173
Stack trace:
#0 B:\xampp\htdocs\Publico\Practicas\yii\framework\YiiBase.php(220): CComponent->__set('showScripName', false)
#1 B:\xampp\htdocs\Publico\Practicas\yii\framework\base\CModule.php(393): YiiBase::createComponent(Array)
#2 B:\xampp\htdocs\Publico\Practicas\yii\framework\base\CApplication.php(530): CModule->getComponent('urlManager')
#3 B:\xampp\htdocs\Publico\Practicas\yii\framework\web\CWebApplication.php(140): CApplication->getUrlManager()
#4 B:\xampp\htdocs\Publico\Practicas\yii\framework\base\CApplication.php(184): CWebApplication->processRequest()
#5 B:\xampp\htdocs\Publico\Practicas\yii\facilito\index.php(13): CApplication->run()
#6 {main}
REQUEST_URI=/Publico/Practicas/yii/facilito/index.php/site/index
HTTP_REFERER=http://localhost/Publico/Practicas/yii/facilito/index.php/site/login
---
2015/07/15 02:50:08 [error] [exception.CException] exception 'CException' with message 'Property "CUrlManager.showScripName" is not defined.' in B:\xampp\htdocs\Publico\Practicas\yii\framework\base\CComponent.php:173
Stack trace:
#0 B:\xampp\htdocs\Publico\Practicas\yii\framework\YiiBase.php(220): CComponent->__set('showScripName', 'false')
#1 B:\xampp\htdocs\Publico\Practicas\yii\framework\base\CModule.php(393): YiiBase::createComponent(Array)
#2 B:\xampp\htdocs\Publico\Practicas\yii\framework\base\CApplication.php(530): CModule->getComponent('urlManager')
#3 B:\xampp\htdocs\Publico\Practicas\yii\framework\web\CWebApplication.php(140): CApplication->getUrlManager()
#4 B:\xampp\htdocs\Publico\Practicas\yii\framework\base\CApplication.php(184): CWebApplication->processRequest()
#5 B:\xampp\htdocs\Publico\Practicas\yii\facilito\index.php(13): CApplication->run()
#6 {main}
REQUEST_URI=/Publico/Practicas/yii/facilito/index.php/site/index
HTTP_REFERER=http://localhost/Publico/Practicas/yii/facilito/index.php/site/login
---
2015/07/15 02:50:10 [error] [exception.CException] exception 'CException' with message 'Property "CUrlManager.showScripName" is not defined.' in B:\xampp\htdocs\Publico\Practicas\yii\framework\base\CComponent.php:173
Stack trace:
#0 B:\xampp\htdocs\Publico\Practicas\yii\framework\YiiBase.php(220): CComponent->__set('showScripName', 'false')
#1 B:\xampp\htdocs\Publico\Practicas\yii\framework\base\CModule.php(393): YiiBase::createComponent(Array)
#2 B:\xampp\htdocs\Publico\Practicas\yii\framework\base\CApplication.php(530): CModule->getComponent('urlManager')
#3 B:\xampp\htdocs\Publico\Practicas\yii\framework\web\CWebApplication.php(140): CApplication->getUrlManager()
#4 B:\xampp\htdocs\Publico\Practicas\yii\framework\base\CApplication.php(184): CWebApplication->processRequest()
#5 B:\xampp\htdocs\Publico\Practicas\yii\facilito\index.php(13): CApplication->run()
#6 {main}
REQUEST_URI=/Publico/Practicas/yii/facilito/index.php/site/index
HTTP_REFERER=http://localhost/Publico/Practicas/yii/facilito/index.php/site/login
---
2015/07/15 03:42:44 [error] [system.db.CDbCommand] CDbCommand::fetchAll() failed: SQLSTATE[42S02]: Base table or view not found: 1146 Table 'facilito.tbl-user' doesn't exist. The SQL statement executed was: SHOW FULL COLUMNS FROM `tbl-user`.
in B:\xampp\htdocs\Publico\Practicas\yii\facilito\protected\controllers\HolaController.php (7)
in B:\xampp\htdocs\Publico\Practicas\yii\facilito\index.php (13)
2015/07/15 03:42:45 [error] [exception.CDbException] exception 'CDbException' with message 'The table "tbl-user" for active record class "Users" cannot be found in the database.' in B:\xampp\htdocs\Publico\Practicas\yii\framework\db\ar\CActiveRecord.php:2385
Stack trace:
#0 B:\xampp\htdocs\Publico\Practicas\yii\framework\db\ar\CActiveRecord.php(411): CActiveRecordMetaData->__construct(Object(Users))
#1 B:\xampp\htdocs\Publico\Practicas\yii\framework\db\ar\CActiveRecord.php(661): CActiveRecord->getMetaData()
#2 B:\xampp\htdocs\Publico\Practicas\yii\framework\db\ar\CActiveRecord.php(1355): CActiveRecord->getTableSchema()
#3 B:\xampp\htdocs\Publico\Practicas\yii\framework\db\ar\CActiveRecord.php(1475): CActiveRecord->query(Object(CDbCriteria), true)
#4 B:\xampp\htdocs\Publico\Practicas\yii\facilito\protected\controllers\HolaController.php(7): CActiveRecord->findAll()
#5 B:\xampp\htdocs\Publico\Practicas\yii\framework\web\actions\CInlineAction.php(49): HolaController->actionIndex()
#6 B:\xampp\htdocs\Publico\Practicas\yii\framework\web\CController.php(308): CInlineAction->runWithParams(Array)
#7 B:\xampp\htdocs\Publico\Practicas\yii\framework\web\CController.php(286): CController->runAction(Object(CInlineAction))
#8 B:\xampp\htdocs\Publico\Practicas\yii\framework\web\CController.php(265): CController->runActionWithFilters(Object(CInlineAction), Array)
#9 B:\xampp\htdocs\Publico\Practicas\yii\framework\web\CWebApplication.php(282): CController->run('index')
#10 B:\xampp\htdocs\Publico\Practicas\yii\framework\web\CWebApplication.php(141): CWebApplication->runController('hola/index')
#11 B:\xampp\htdocs\Publico\Practicas\yii\framework\base\CApplication.php(184): CWebApplication->processRequest()
#12 B:\xampp\htdocs\Publico\Practicas\yii\facilito\index.php(13): CApplication->run()
#13 {main}
REQUEST_URI=/Publico/Practicas/yii/facilito/hola/index
---
2015/07/15 03:43:26 [error] [php] Undefined variable: model (B:\xampp\htdocs\Publico\Practicas\yii\facilito\protected\controllers\HolaController.php:9)
Stack trace:
#0 B:\xampp\htdocs\Publico\Practicas\yii\framework\web\CController.php(286): HolaController->runAction()
#1 B:\xampp\htdocs\Publico\Practicas\yii\framework\web\CController.php(265): HolaController->runActionWithFilters()
#2 B:\xampp\htdocs\Publico\Practicas\yii\framework\web\CWebApplication.php(282): HolaController->run()
#3 B:\xampp\htdocs\Publico\Practicas\yii\framework\web\CWebApplication.php(141): CWebApplication->runController()
#4 B:\xampp\htdocs\Publico\Practicas\yii\framework\base\CApplication.php(184): CWebApplication->processRequest()
#5 B:\xampp\htdocs\Publico\Practicas\yii\facilito\index.php(13): CWebApplication->run()
REQUEST_URI=/Publico/Practicas/yii/facilito/hola/index
in B:\xampp\htdocs\Publico\Practicas\yii\facilito\protected\controllers\HolaController.php (9)
in B:\xampp\htdocs\Publico\Practicas\yii\facilito\index.php (13)
2015/07/15 03:46:15 [error] [php] Undefined variable: model (B:\xampp\htdocs\Publico\Practicas\yii\facilito\protected\controllers\HolaController.php:9)
Stack trace:
#0 B:\xampp\htdocs\Publico\Practicas\yii\framework\web\CController.php(286): HolaController->runAction()
#1 B:\xampp\htdocs\Publico\Practicas\yii\framework\web\CController.php(265): HolaController->runActionWithFilters()
#2 B:\xampp\htdocs\Publico\Practicas\yii\framework\web\CWebApplication.php(282): HolaController->run()
#3 B:\xampp\htdocs\Publico\Practicas\yii\framework\web\CWebApplication.php(141): CWebApplication->runController()
#4 B:\xampp\htdocs\Publico\Practicas\yii\framework\base\CApplication.php(184): CWebApplication->processRequest()
#5 B:\xampp\htdocs\Publico\Practicas\yii\facilito\index.php(13): CWebApplication->run()
REQUEST_URI=/Publico/Practicas/yii/facilito/hola/index
in B:\xampp\htdocs\Publico\Practicas\yii\facilito\protected\controllers\HolaController.php (9)
in B:\xampp\htdocs\Publico\Practicas\yii\facilito\index.php (13)
2015/07/15 03:46:18 [error] [php] Undefined variable: model (B:\xampp\htdocs\Publico\Practicas\yii\facilito\protected\controllers\HolaController.php:9)
Stack trace:
#0 B:\xampp\htdocs\Publico\Practicas\yii\framework\web\CController.php(286): HolaController->runAction()
#1 B:\xampp\htdocs\Publico\Practicas\yii\framework\web\CController.php(265): HolaController->runActionWithFilters()
#2 B:\xampp\htdocs\Publico\Practicas\yii\framework\web\CWebApplication.php(282): HolaController->run()
#3 B:\xampp\htdocs\Publico\Practicas\yii\framework\web\CWebApplication.php(141): CWebApplication->runController()
#4 B:\xampp\htdocs\Publico\Practicas\yii\framework\base\CApplication.php(184): CWebApplication->processRequest()
#5 B:\xampp\htdocs\Publico\Practicas\yii\facilito\index.php(13): CWebApplication->run()
REQUEST_URI=/Publico/Practicas/yii/facilito/hola/index
in B:\xampp\htdocs\Publico\Practicas\yii\facilito\protected\controllers\HolaController.php (9)
in B:\xampp\htdocs\Publico\Practicas\yii\facilito\index.php (13)
2015/07/15 05:25:12 [error] [exception.CHttpException.404] exception 'CHttpException' with message 'Unable to resolve the request "gi".' in B:\xampp\htdocs\Publico\Practicas\yii\framework\web\CWebApplication.php:286
Stack trace:
#0 B:\xampp\htdocs\Publico\Practicas\yii\framework\web\CWebApplication.php(141): CWebApplication->runController('gi')
#1 B:\xampp\htdocs\Publico\Practicas\yii\framework\base\CApplication.php(184): CWebApplication->processRequest()
#2 B:\xampp\htdocs\Publico\Practicas\yii\facilito\index.php(13): CApplication->run()
#3 {main}
REQUEST_URI=/Publico/Practicas/yii/facilito/gi
---
2015/07/15 05:32:43 [error] [exception.CException] exception 'CException' with message 'Users and its behaviors do not have a method or closure named "search".' in B:\xampp\htdocs\Publico\Practicas\yii\framework\base\CComponent.php:266
Stack trace:
#0 B:\xampp\htdocs\Publico\Practicas\yii\framework\db\ar\CActiveRecord.php(227): CComponent->__call('search', Array)
#1 B:\xampp\htdocs\Publico\Practicas\yii\facilito\protected\views\users\admin.php(45): CActiveRecord->__call('search', Array)
#2 B:\xampp\htdocs\Publico\Practicas\yii\facilito\protected\views\users\admin.php(45): Users->search()
#3 B:\xampp\htdocs\Publico\Practicas\yii\framework\web\CBaseController.php(126): require('B:\\xampp\\htdocs...')
#4 B:\xampp\htdocs\Publico\Practicas\yii\framework\web\CBaseController.php(95): CBaseController->renderInternal('B:\\xampp\\htdocs...', Array, true)
#5 B:\xampp\htdocs\Publico\Practicas\yii\framework\web\CController.php(869): CBaseController->renderFile('B:\\xampp\\htdocs...', Array, true)
#6 B:\xampp\htdocs\Publico\Practicas\yii\framework\web\CController.php(782): CController->renderPartial('admin', Array, true)
#7 B:\xampp\htdocs\Publico\Practicas\yii\facilito\protected\controllers\UsersController.php(143): CController->render('admin', Array)
#8 B:\xampp\htdocs\Publico\Practicas\yii\framework\web\actions\CInlineAction.php(49): UsersController->actionAdmin()
#9 B:\xampp\htdocs\Publico\Practicas\yii\framework\web\CController.php(308): CInlineAction->runWithParams(Array)
#10 B:\xampp\htdocs\Publico\Practicas\yii\framework\web\filters\CFilterChain.php(133): CController->runAction(Object(CInlineAction))
#11 B:\xampp\htdocs\Publico\Practicas\yii\framework\web\filters\CFilter.php(40): CFilterChain->run()
#12 B:\xampp\htdocs\Publico\Practicas\yii\framework\web\CController.php(1145): CFilter->filter(Object(CFilterChain))
#13 B:\xampp\htdocs\Publico\Practicas\yii\framework\web\filters\CInlineFilter.php(58): CController->filterAccessControl(Object(CFilterChain))
#14 B:\xampp\htdocs\Publico\Practicas\yii\framework\web\filters\CFilterChain.php(130): CInlineFilter->filter(Object(CFilterChain))
#15 B:\xampp\htdocs\Publico\Practicas\yii\framework\web\CController.php(291): CFilterChain->run()
#16 B:\xampp\htdocs\Publico\Practicas\yii\framework\web\CController.php(265): CController->runActionWithFilters(Object(CInlineAction), Array)
#17 B:\xampp\htdocs\Publico\Practicas\yii\framework\web\CWebApplication.php(282): CController->run('admin')
#18 B:\xampp\htdocs\Publico\Practicas\yii\framework\web\CWebApplication.php(141): CWebApplication->runController('users/admin')
#19 B:\xampp\htdocs\Publico\Practicas\yii\framework\base\CApplication.php(184): CWebApplication->processRequest()
#20 B:\xampp\htdocs\Publico\Practicas\yii\facilito\index.php(13): CApplication->run()
#21 {main}
REQUEST_URI=/Publico/Practicas/yii/facilito/users/admin.jsp
HTTP_REFERER=http://localhost/Publico/Practicas/yii/facilito/users.jsp
---
2015/07/15 05:37:33 [error] [exception.CException] exception 'CException' with message 'Users and its behaviors do not have a method or closure named "search".' in B:\xampp\htdocs\Publico\Practicas\yii\framework\base\CComponent.php:266
Stack trace:
#0 B:\xampp\htdocs\Publico\Practicas\yii\framework\db\ar\CActiveRecord.php(227): CComponent->__call('search', Array)
#1 B:\xampp\htdocs\Publico\Practicas\yii\facilito\protected\views\users\admin.php(45): CActiveRecord->__call('search', Array)
#2 B:\xampp\htdocs\Publico\Practicas\yii\facilito\protected\views\users\admin.php(45): Users->search()
#3 B:\xampp\htdocs\Publico\Practicas\yii\framework\web\CBaseController.php(126): require('B:\\xampp\\htdocs...')
#4 B:\xampp\htdocs\Publico\Practicas\yii\framework\web\CBaseController.php(95): CBaseController->renderInternal('B:\\xampp\\htdocs...', Array, true)
#5 B:\xampp\htdocs\Publico\Practicas\yii\framework\web\CController.php(869): CBaseController->renderFile('B:\\xampp\\htdocs...', Array, true)
#6 B:\xampp\htdocs\Publico\Practicas\yii\framework\web\CController.php(782): CController->renderPartial('admin', Array, true)
#7 B:\xampp\htdocs\Publico\Practicas\yii\facilito\protected\controllers\UsersController.php(143): CController->render('admin', Array)
#8 B:\xampp\htdocs\Publico\Practicas\yii\framework\web\actions\CInlineAction.php(49): UsersController->actionAdmin()
#9 B:\xampp\htdocs\Publico\Practicas\yii\framework\web\CController.php(308): CInlineAction->runWithParams(Array)
#10 B:\xampp\htdocs\Publico\Practicas\yii\framework\web\filters\CFilterChain.php(133): CController->runAction(Object(CInlineAction))
#11 B:\xampp\htdocs\Publico\Practicas\yii\framework\web\filters\CFilter.php(40): CFilterChain->run()
#12 B:\xampp\htdocs\Publico\Practicas\yii\framework\web\CController.php(1145): CFilter->filter(Object(CFilterChain))
#13 B:\xampp\htdocs\Publico\Practicas\yii\framework\web\filters\CInlineFilter.php(58): CController->filterAccessControl(Object(CFilterChain))
#14 B:\xampp\htdocs\Publico\Practicas\yii\framework\web\filters\CFilterChain.php(130): CInlineFilter->filter(Object(CFilterChain))
#15 B:\xampp\htdocs\Publico\Practicas\yii\framework\web\CController.php(291): CFilterChain->run()
#16 B:\xampp\htdocs\Publico\Practicas\yii\framework\web\CController.php(265): CController->runActionWithFilters(Object(CInlineAction), Array)
#17 B:\xampp\htdocs\Publico\Practicas\yii\framework\web\CWebApplication.php(282): CController->run('admin')
#18 B:\xampp\htdocs\Publico\Practicas\yii\framework\web\CWebApplication.php(141): CWebApplication->runController('users/admin')
#19 B:\xampp\htdocs\Publico\Practicas\yii\framework\base\CApplication.php(184): CWebApplication->processRequest()
#20 B:\xampp\htdocs\Publico\Practicas\yii\facilito\index.php(13): CApplication->run()
#21 {main}
REQUEST_URI=/Publico/Practicas/yii/facilito/users/admin.jsp
HTTP_REFERER=http://localhost/Publico/Practicas/yii/facilito/users.jsp
---
2015/07/15 08:36:31 [error] [php] Undefined variable: model (B:\xampp\htdocs\Publico\Practicas\yii\facilito\themes\classic\views\site\index.php:43)
Stack trace:
#0 B:\xampp\htdocs\Publico\Practicas\yii\framework\web\CController.php(869): SiteController->renderFile()
#1 B:\xampp\htdocs\Publico\Practicas\yii\framework\web\CController.php(782): SiteController->renderPartial()
#2 B:\xampp\htdocs\Publico\Practicas\yii\facilito\protected\controllers\SiteController.php(33): SiteController->render()
#3 B:\xampp\htdocs\Publico\Practicas\yii\framework\web\actions\CInlineAction.php(49): SiteController->actionIndex()
#4 B:\xampp\htdocs\Publico\Practicas\yii\framework\web\CController.php(308): CInlineAction->runWithParams()
#5 B:\xampp\htdocs\Publico\Practicas\yii\framework\web\CController.php(286): SiteController->runAction()
#6 B:\xampp\htdocs\Publico\Practicas\yii\framework\web\CController.php(265): SiteController->runActionWithFilters()
#7 B:\xampp\htdocs\Publico\Practicas\yii\framework\web\CWebApplication.php(282): SiteController->run()
#8 B:\xampp\htdocs\Publico\Practicas\yii\framework\web\CWebApplication.php(141): CWebApplication->runController()
#9 B:\xampp\htdocs\Publico\Practicas\yii\framework\base\CApplication.php(184): CWebApplication->processRequest()
#10 B:\xampp\htdocs\Publico\Practicas\yii\facilito\index.php(13): CWebApplication->run()
REQUEST_URI=/Publico/Practicas/yii/facilito/
in B:\xampp\htdocs\Publico\Practicas\yii\facilito\themes\classic\views\site\index.php (43)
in B:\xampp\htdocs\Publico\Practicas\yii\facilito\protected\controllers\SiteController.php (33)
in B:\xampp\htdocs\Publico\Practicas\yii\facilito\index.php (13)
2015/07/15 08:52:00 [error] [exception.CHttpException.404] exception 'CHttpException' with message 'The system is unable to find the requested action "contact.jsp".' in B:\xampp\htdocs\Publico\Practicas\yii\framework\web\CController.php:483
Stack trace:
#0 B:\xampp\htdocs\Publico\Practicas\yii\framework\web\CController.php(270): CController->missingAction('contact.jsp')
#1 B:\xampp\htdocs\Publico\Practicas\yii\framework\web\CWebApplication.php(282): CController->run('contact.jsp')
#2 B:\xampp\htdocs\Publico\Practicas\yii\framework\web\CWebApplication.php(141): CWebApplication->runController('site/contact.js...')
#3 B:\xampp\htdocs\Publico\Practicas\yii\framework\base\CApplication.php(184): CWebApplication->processRequest()
#4 B:\xampp\htdocs\Publico\Practicas\yii\facilito\index.php(13): CApplication->run()
#5 {main}
REQUEST_URI=/Publico/Practicas/yii/facilito/site/contact.jsp
HTTP_REFERER=http://localhost/Publico/Practicas/yii/facilito/site/contact.jsp
---
2015/07/15 08:52:16 [error] [exception.CHttpException.404] exception 'CHttpException' with message 'The system is unable to find the requested action "contact.jsp".' in B:\xampp\htdocs\Publico\Practicas\yii\framework\web\CController.php:483
Stack trace:
#0 B:\xampp\htdocs\Publico\Practicas\yii\framework\web\CController.php(270): CController->missingAction('contact.jsp')
#1 B:\xampp\htdocs\Publico\Practicas\yii\framework\web\CWebApplication.php(282): CController->run('contact.jsp')
#2 B:\xampp\htdocs\Publico\Practicas\yii\framework\web\CWebApplication.php(141): CWebApplication->runController('site/contact.js...')
#3 B:\xampp\htdocs\Publico\Practicas\yii\framework\base\CApplication.php(184): CWebApplication->processRequest()
#4 B:\xampp\htdocs\Publico\Practicas\yii\facilito\index.php(13): CApplication->run()
#5 {main}
REQUEST_URI=/Publico/Practicas/yii/facilito/site/contact.jsp
HTTP_REFERER=http://localhost/Publico/Practicas/yii/facilito/site/contact.jsp
---
2015/07/15 11:06:57 [error] [exception.CHttpException.404] exception 'CHttpException' with message 'Unable to resolve the request "user".' in B:\xampp\htdocs\Publico\Practicas\yii\framework\web\CWebApplication.php:286
Stack trace:
#0 B:\xampp\htdocs\Publico\Practicas\yii\framework\web\CWebApplication.php(141): CWebApplication->runController('user')
#1 B:\xampp\htdocs\Publico\Practicas\yii\framework\base\CApplication.php(184): CWebApplication->processRequest()
#2 B:\xampp\htdocs\Publico\Practicas\yii\facilito\index.php(13): CApplication->run()
#3 {main}
REQUEST_URI=/Publico/Practicas/yii/facilito/user
---
2015/07/15 11:07:43 [error] [exception.CHttpException.404] exception 'CHttpException' with message 'Unable to resolve the request "user".' in B:\xampp\htdocs\Publico\Practicas\yii\framework\web\CWebApplication.php:286
Stack trace:
#0 B:\xampp\htdocs\Publico\Practicas\yii\framework\web\CWebApplication.php(141): CWebApplication->runController('user')
#1 B:\xampp\htdocs\Publico\Practicas\yii\framework\base\CApplication.php(184): CWebApplication->processRequest()
#2 B:\xampp\htdocs\Publico\Practicas\yii\facilito\index.php(13): CApplication->run()
#3 {main}
REQUEST_URI=/Publico/Practicas/yii/facilito/user
---
2015/07/16 07:23:07 [error] [php] include(pagination.php): failed to open stream: No such file or directory (B:\xampp\htdocs\Publico\Practicas\yii\framework\YiiBase.php:432)
Stack trace:
#0 unknown(0): spl_autoload_call()
#1 B:\xampp\htdocs\Publico\Practicas\yii\framework\YiiBase.php(303): class_exists()
#2 B:\xampp\htdocs\Publico\Practicas\yii\framework\web\CWidgetFactory.php(146): import()
#3 B:\xampp\htdocs\Publico\Practicas\yii\framework\web\CBaseController.php(146): CWidgetFactory->createWidget()
#4 B:\xampp\htdocs\Publico\Practicas\yii\framework\web\CBaseController.php(180): CGridView->createWidget()
#5 B:\xampp\htdocs\Publico\Practicas\yii\framework\zii\widgets\CBaseListView.php(285): CGridView->widget()
#6 B:\xampp\htdocs\Publico\Practicas\yii\framework\zii\widgets\CBaseListView.php(181): CGridView->renderPager()
#7 unknown(0): CGridView->renderSection()
#8 B:\xampp\htdocs\Publico\Practicas\yii\framework\zii\widgets\CBaseListView.php(164): preg_replace_callback()
#9 B:\xampp\htdocs\Publico\Practicas\yii\framework\zii\widgets\CBaseListView.php(149): CGridView->renderContent()
#10 B:\xampp\htdocs\Publico\Practicas\yii\framework\web\CBaseController.php(181): CGridView->run()
#11 B:\xampp\htdocs\Publico\Practicas\yii\facilito\protected\views\users\admin.php(58): UsersController->widget()
#12 B:\xampp\htdocs\Publico\Practicas\yii\framework\web\CBaseController.php(126): require()
#13 B:\xampp\htdocs\Publico\Practicas\yii\framework\web\CBaseController.php(95): UsersController->renderInternal()
#14 B:\xampp\htdocs\Publico\Practicas\yii\framework\web\CController.php(869): UsersController->renderFile()
#15 B:\xampp\htdocs\Publico\Practicas\yii\framework\web\CController.php(782): UsersController->renderPartial()
#16 B:\xampp\htdocs\Publico\Practicas\yii\facilito\protected\controllers\UsersController.php(143): UsersController->render()
#17 B:\xampp\htdocs\Publico\Practicas\yii\framework\web\actions\CInlineAction.php(49): UsersController->actionAdmin()
#18 B:\xampp\htdocs\Publico\Practicas\yii\framework\web\CController.php(308): CInlineAction->runWithParams()
#19 B:\xampp\htdocs\Publico\Practicas\yii\framework\web\filters\CFilterChain.php(133): UsersController->runAction()
#20 B:\xampp\htdocs\Publico\Practicas\yii\framework\web\filters\CFilter.php(40): CFilterChain->run()
#21 B:\xampp\htdocs\Publico\Practicas\yii\framework\web\CController.php(1145): CAccessControlFilter->filter()
#22 B:\xampp\htdocs\Publico\Practicas\yii\framework\web\filters\CInlineFilter.php(58): UsersController->filterAccessControl()
#23 B:\xampp\htdocs\Publico\Practicas\yii\framework\web\filters\CFilterChain.php(130): CInlineFilter->filter()
#24 B:\xampp\htdocs\Publico\Practicas\yii\framework\web\CController.php(291): CFilterChain->run()
#25 B:\xampp\htdocs\Publico\Practicas\yii\framework\web\CController.php(265): UsersController->runActionWithFilters()
#26 B:\xampp\htdocs\Publico\Practicas\yii\framework\web\CWebApplication.php(282): UsersController->run()
#27 B:\xampp\htdocs\Publico\Practicas\yii\framework\web\CWebApplication.php(141): CWebApplication->runController()
#28 B:\xampp\htdocs\Publico\Practicas\yii\framework\base\CApplication.php(184): CWebApplication->processRequest()
#29 B:\xampp\htdocs\Publico\Practicas\yii\facilito\index.php(13): CWebApplication->run()
REQUEST_URI=/Publico/Practicas/yii/facilito/users/admin.cosa
in B:\xampp\htdocs\Publico\Practicas\yii\facilito\protected\views\users\admin.php (58)
in B:\xampp\htdocs\Publico\Practicas\yii\facilito\protected\controllers\UsersController.php (143)
in B:\xampp\htdocs\Publico\Practicas\yii\facilito\index.php (13)
2015/07/16 09:53:38 [error] [php] Undefined variable: mode (B:\xampp\htdocs\Publico\Practicas\yii\facilito\protected\views\countries\view.php:5)
Stack trace:
#0 B:\xampp\htdocs\Publico\Practicas\yii\framework\web\CController.php(869): CountriesController->renderFile()
#1 B:\xampp\htdocs\Publico\Practicas\yii\framework\web\CController.php(782): CountriesController->renderPartial()
#2 B:\xampp\htdocs\Publico\Practicas\yii\facilito\protected\controllers\CountriesController.php(47): CountriesController->render()
#3 unknown(0): CountriesController->actionView()
#4 B:\xampp\htdocs\Publico\Practicas\yii\framework\web\actions\CAction.php(109): ReflectionMethod->invokeArgs()
#5 B:\xampp\htdocs\Publico\Practicas\yii\framework\web\actions\CInlineAction.php(47): CInlineAction->runWithParamsInternal()
#6 B:\xampp\htdocs\Publico\Practicas\yii\framework\web\CController.php(308): CInlineAction->runWithParams()
#7 B:\xampp\htdocs\Publico\Practicas\yii\framework\web\CController.php(286): CountriesController->runAction()
#8 B:\xampp\htdocs\Publico\Practicas\yii\framework\web\CController.php(265): CountriesController->runActionWithFilters()
#9 B:\xampp\htdocs\Publico\Practicas\yii\framework\web\CWebApplication.php(282): CountriesController->run()
#10 B:\xampp\htdocs\Publico\Practicas\yii\framework\web\CWebApplication.php(141): CWebApplication->runController()
#11 B:\xampp\htdocs\Publico\Practicas\yii\framework\base\CApplication.php(184): CWebApplication->processRequest()
#12 B:\xampp\htdocs\Publico\Practicas\yii\facilito\index.php(13): CWebApplication->run()
REQUEST_URI=/Publico/Practicas/yii/facilito/countries/1.cosa
in B:\xampp\htdocs\Publico\Practicas\yii\facilito\protected\views\countries\view.php (5)
in B:\xampp\htdocs\Publico\Practicas\yii\facilito\protected\controllers\CountriesController.php (47)
in B:\xampp\htdocs\Publico\Practicas\yii\facilito\index.php (13)
2015/07/16 09:56:27 [error] [php] Undefined variable: mode (B:\xampp\htdocs\Publico\Practicas\yii\facilito\protected\views\countries\view.php:5)
Stack trace:
#0 B:\xampp\htdocs\Publico\Practicas\yii\framework\web\CController.php(869): CountriesController->renderFile()
#1 B:\xampp\htdocs\Publico\Practicas\yii\framework\web\CController.php(782): CountriesController->renderPartial()
#2 B:\xampp\htdocs\Publico\Practicas\yii\facilito\protected\controllers\CountriesController.php(47): CountriesController->render()
#3 unknown(0): CountriesController->actionView()
#4 B:\xampp\htdocs\Publico\Practicas\yii\framework\web\actions\CAction.php(109): ReflectionMethod->invokeArgs()
#5 B:\xampp\htdocs\Publico\Practicas\yii\framework\web\actions\CInlineAction.php(47): CInlineAction->runWithParamsInternal()
#6 B:\xampp\htdocs\Publico\Practicas\yii\framework\web\CController.php(308): CInlineAction->runWithParams()
#7 B:\xampp\htdocs\Publico\Practicas\yii\framework\web\CController.php(286): CountriesController->runAction()
#8 B:\xampp\htdocs\Publico\Practicas\yii\framework\web\CController.php(265): CountriesController->runActionWithFilters()
#9 B:\xampp\htdocs\Publico\Practicas\yii\framework\web\CWebApplication.php(282): CountriesController->run()
#10 B:\xampp\htdocs\Publico\Practicas\yii\framework\web\CWebApplication.php(141): CWebApplication->runController()
#11 B:\xampp\htdocs\Publico\Practicas\yii\framework\base\CApplication.php(184): CWebApplication->processRequest()
#12 B:\xampp\htdocs\Publico\Practicas\yii\facilito\index.php(13): CWebApplication->run()
REQUEST_URI=/Publico/Practicas/yii/facilito/countries/1.cosa
in B:\xampp\htdocs\Publico\Practicas\yii\facilito\protected\views\countries\view.php (5)
in B:\xampp\htdocs\Publico\Practicas\yii\facilito\protected\controllers\CountriesController.php (47)
in B:\xampp\htdocs\Publico\Practicas\yii\facilito\index.php (13)
2015/07/16 09:56:36 [error] [php] Undefined variable: mode (B:\xampp\htdocs\Publico\Practicas\yii\facilito\protected\views\countries\view.php:5)
Stack trace:
#0 B:\xampp\htdocs\Publico\Practicas\yii\framework\web\CController.php(869): CountriesController->renderFile()
#1 B:\xampp\htdocs\Publico\Practicas\yii\framework\web\CController.php(782): CountriesController->renderPartial()
#2 B:\xampp\htdocs\Publico\Practicas\yii\facilito\protected\controllers\CountriesController.php(47): CountriesController->render()
#3 unknown(0): CountriesController->actionView()
#4 B:\xampp\htdocs\Publico\Practicas\yii\framework\web\actions\CAction.php(109): ReflectionMethod->invokeArgs()
#5 B:\xampp\htdocs\Publico\Practicas\yii\framework\web\actions\CInlineAction.php(47): CInlineAction->runWithParamsInternal()
#6 B:\xampp\htdocs\Publico\Practicas\yii\framework\web\CController.php(308): CInlineAction->runWithParams()
#7 B:\xampp\htdocs\Publico\Practicas\yii\framework\web\CController.php(286): CountriesController->runAction()
#8 B:\xampp\htdocs\Publico\Practicas\yii\framework\web\CController.php(265): CountriesController->runActionWithFilters()
#9 B:\xampp\htdocs\Publico\Practicas\yii\framework\web\CWebApplication.php(282): CountriesController->run()
#10 B:\xampp\htdocs\Publico\Practicas\yii\framework\web\CWebApplication.php(141): CWebApplication->runController()
#11 B:\xampp\htdocs\Publico\Practicas\yii\framework\base\CApplication.php(184): CWebApplication->processRequest()
#12 B:\xampp\htdocs\Publico\Practicas\yii\facilito\index.php(13): CWebApplication->run()
REQUEST_URI=/Publico/Practicas/yii/facilito/countries/1.cosa
in B:\xampp\htdocs\Publico\Practicas\yii\facilito\protected\views\countries\view.php (5)
in B:\xampp\htdocs\Publico\Practicas\yii\facilito\protected\controllers\CountriesController.php (47)
in B:\xampp\htdocs\Publico\Practicas\yii\facilito\index.php (13)
2015/07/16 10:02:31 [error] [php] Missing argument 1 for CController::createUrl(), called in B:\xampp\htdocs\Publico\Practicas\yii\facilito\protected\views\countries\index.php on line 6 and defined (B:\xampp\htdocs\Publico\Practicas\yii\framework\web\CController.php:959)
Stack trace:
#0 B:\xampp\htdocs\Publico\Practicas\yii\framework\web\CBaseController.php(95): CountriesController->renderInternal()
#1 B:\xampp\htdocs\Publico\Practicas\yii\framework\web\CController.php(869): CountriesController->renderFile()
#2 B:\xampp\htdocs\Publico\Practicas\yii\framework\web\CController.php(782): CountriesController->renderPartial()
#3 B:\xampp\htdocs\Publico\Practicas\yii\facilito\protected\controllers\CountriesController.php(7): CountriesController->render()
#4 B:\xampp\htdocs\Publico\Practicas\yii\framework\web\actions\CInlineAction.php(49): CountriesController->actionIndex()
#5 B:\xampp\htdocs\Publico\Practicas\yii\framework\web\CController.php(308): CInlineAction->runWithParams()
#6 B:\xampp\htdocs\Publico\Practicas\yii\framework\web\CController.php(286): CountriesController->runAction()
#7 B:\xampp\htdocs\Publico\Practicas\yii\framework\web\CController.php(265): CountriesController->runActionWithFilters()
#8 B:\xampp\htdocs\Publico\Practicas\yii\framework\web\CWebApplication.php(282): CountriesController->run()
#9 B:\xampp\htdocs\Publico\Practicas\yii\framework\web\CWebApplication.php(141): CWebApplication->runController()
#10 B:\xampp\htdocs\Publico\Practicas\yii\framework\base\CApplication.php(184): CWebApplication->processRequest()
#11 B:\xampp\htdocs\Publico\Practicas\yii\facilito\index.php(13): CWebApplication->run()
REQUEST_URI=/Publico/Practicas/yii/facilito/countries/index.cosa
in B:\xampp\htdocs\Publico\Practicas\yii\facilito\protected\views\countries\index.php (6)
in B:\xampp\htdocs\Publico\Practicas\yii\facilito\protected\controllers\CountriesController.php (7)
in B:\xampp\htdocs\Publico\Practicas\yii\facilito\index.php (13)
2015/07/16 10:03:39 [error] [php] Object of class Countries could not be converted to string (B:\xampp\htdocs\Publico\Practicas\yii\facilito\protected\views\countries\index.php:6)
Stack trace:
#0 B:\xampp\htdocs\Publico\Practicas\yii\framework\web\CController.php(869): CountriesController->renderFile()
#1 B:\xampp\htdocs\Publico\Practicas\yii\framework\web\CController.php(782): CountriesController->renderPartial()
#2 B:\xampp\htdocs\Publico\Practicas\yii\facilito\protected\controllers\CountriesController.php(7): CountriesController->render()
#3 B:\xampp\htdocs\Publico\Practicas\yii\framework\web\actions\CInlineAction.php(49): CountriesController->actionIndex()
#4 B:\xampp\htdocs\Publico\Practicas\yii\framework\web\CController.php(308): CInlineAction->runWithParams()
#5 B:\xampp\htdocs\Publico\Practicas\yii\framework\web\CController.php(286): CountriesController->runAction()
#6 B:\xampp\htdocs\Publico\Practicas\yii\framework\web\CController.php(265): CountriesController->runActionWithFilters()
#7 B:\xampp\htdocs\Publico\Practicas\yii\framework\web\CWebApplication.php(282): CountriesController->run()
#8 B:\xampp\htdocs\Publico\Practicas\yii\framework\web\CWebApplication.php(141): CWebApplication->runController()
#9 B:\xampp\htdocs\Publico\Practicas\yii\framework\base\CApplication.php(184): CWebApplication->processRequest()
#10 B:\xampp\htdocs\Publico\Practicas\yii\facilito\index.php(13): CWebApplication->run()
REQUEST_URI=/Publico/Practicas/yii/facilito/countries/index.cosa
in B:\xampp\htdocs\Publico\Practicas\yii\facilito\protected\views\countries\index.php (6)
in B:\xampp\htdocs\Publico\Practicas\yii\facilito\protected\controllers\CountriesController.php (7)
in B:\xampp\htdocs\Publico\Practicas\yii\facilito\index.php (13)
2015/07/16 11:12:46 [error] [php] Missing argument 1 for CWebUser::setFlash(), called in B:\xampp\htdocs\Publico\Practicas\yii\facilito\protected\controllers\CountriesController.php on line 6 and defined (B:\xampp\htdocs\Publico\Practicas\yii\framework\web\auth\CWebUser.php:682)
Stack trace:
#0 B:\xampp\htdocs\Publico\Practicas\yii\framework\web\CController.php(308): CInlineAction->runWithParams()
#1 B:\xampp\htdocs\Publico\Practicas\yii\framework\web\CController.php(286): CountriesController->runAction()
#2 B:\xampp\htdocs\Publico\Practicas\yii\framework\web\CController.php(265): CountriesController->runActionWithFilters()
#3 B:\xampp\htdocs\Publico\Practicas\yii\framework\web\CWebApplication.php(282): CountriesController->run()
#4 B:\xampp\htdocs\Publico\Practicas\yii\framework\web\CWebApplication.php(141): CWebApplication->runController()
#5 B:\xampp\htdocs\Publico\Practicas\yii\framework\base\CApplication.php(184): CWebApplication->processRequest()
#6 B:\xampp\htdocs\Publico\Practicas\yii\facilito\index.php(13): CWebApplication->run()
REQUEST_URI=/Publico/Practicas/yii/facilito/countries/index.cosa
in B:\xampp\htdocs\Publico\Practicas\yii\facilito\protected\controllers\CountriesController.php (6)
in B:\xampp\htdocs\Publico\Practicas\yii\facilito\index.php (13)
2015/07/17 02:22:33 [error] [exception.CException] exception 'CException' with message 'Property "JGHappy.hi" is not defined.' in B:\xampp\htdocs\Publico\Practicas\yii\framework\base\CComponent.php:130
Stack trace:
#0 B:\xampp\htdocs\Publico\Practicas\yii\facilito\protected\controllers\CountriesController.php(8): CComponent->__get('hi')
#1 B:\xampp\htdocs\Publico\Practicas\yii\framework\web\actions\CInlineAction.php(49): CountriesController->actionIndex()
#2 B:\xampp\htdocs\Publico\Practicas\yii\framework\web\CController.php(308): CInlineAction->runWithParams(Array)
#3 B:\xampp\htdocs\Publico\Practicas\yii\framework\web\CController.php(286): CController->runAction(Object(CInlineAction))
#4 B:\xampp\htdocs\Publico\Practicas\yii\framework\web\CController.php(265): CController->runActionWithFilters(Object(CInlineAction), Array)
#5 B:\xampp\htdocs\Publico\Practicas\yii\framework\web\CWebApplication.php(282): CController->run('index')
#6 B:\xampp\htdocs\Publico\Practicas\yii\framework\web\CWebApplication.php(141): CWebApplication->runController('countries/index')
#7 B:\xampp\htdocs\Publico\Practicas\yii\framework\base\CApplication.php(184): CWebApplication->processRequest()
#8 B:\xampp\htdocs\Publico\Practicas\yii\facilito\index.php(13): CApplication->run()
#9 {main}
REQUEST_URI=/Publico/Practicas/yii/facilito/countries/index.cosa
HTTP_REFERER=http://localhost/Publico/Practicas/yii/facilito/countries/index.cosa
---
2015/07/17 02:22:41 [error] [exception.CException] exception 'CException' with message 'Property "JGHappy.hi" is not defined.' in B:\xampp\htdocs\Publico\Practicas\yii\framework\base\CComponent.php:130
Stack trace:
#0 B:\xampp\htdocs\Publico\Practicas\yii\facilito\protected\controllers\CountriesController.php(8): CComponent->__get('hi')
#1 B:\xampp\htdocs\Publico\Practicas\yii\framework\web\actions\CInlineAction.php(49): CountriesController->actionIndex()
#2 B:\xampp\htdocs\Publico\Practicas\yii\framework\web\CController.php(308): CInlineAction->runWithParams(Array)
#3 B:\xampp\htdocs\Publico\Practicas\yii\framework\web\CController.php(286): CController->runAction(Object(CInlineAction))
#4 B:\xampp\htdocs\Publico\Practicas\yii\framework\web\CController.php(265): CController->runActionWithFilters(Object(CInlineAction), Array)
#5 B:\xampp\htdocs\Publico\Practicas\yii\framework\web\CWebApplication.php(282): CController->run('index')
#6 B:\xampp\htdocs\Publico\Practicas\yii\framework\web\CWebApplication.php(141): CWebApplication->runController('countries/index')
#7 B:\xampp\htdocs\Publico\Practicas\yii\framework\base\CApplication.php(184): CWebApplication->processRequest()
#8 B:\xampp\htdocs\Publico\Practicas\yii\facilito\index.php(13): CApplication->run()
#9 {main}
REQUEST_URI=/Publico/Practicas/yii/facilito/countries/index.cosa
HTTP_REFERER=http://localhost/Publico/Practicas/yii/facilito/countries/index.cosa
---
2015/07/17 02:23:13 [error] [exception.CException] exception 'CException' with message 'Property "CWebApplication.JGHappy" is not defined.' in B:\xampp\htdocs\Publico\Practicas\yii\framework\base\CComponent.php:130
Stack trace:
#0 B:\xampp\htdocs\Publico\Practicas\yii\framework\base\CModule.php(105): CComponent->__get('JGHappy')
#1 B:\xampp\htdocs\Publico\Practicas\yii\facilito\protected\controllers\CountriesController.php(8): CModule->__get('JGHappy')
#2 B:\xampp\htdocs\Publico\Practicas\yii\framework\web\actions\CInlineAction.php(49): CountriesController->actionIndex()
#3 B:\xampp\htdocs\Publico\Practicas\yii\framework\web\CController.php(308): CInlineAction->runWithParams(Array)
#4 B:\xampp\htdocs\Publico\Practicas\yii\framework\web\CController.php(286): CController->runAction(Object(CInlineAction))
#5 B:\xampp\htdocs\Publico\Practicas\yii\framework\web\CController.php(265): CController->runActionWithFilters(Object(CInlineAction), Array)
#6 B:\xampp\htdocs\Publico\Practicas\yii\framework\web\CWebApplication.php(282): CController->run('index')
#7 B:\xampp\htdocs\Publico\Practicas\yii\framework\web\CWebApplication.php(141): CWebApplication->runController('countries/index')
#8 B:\xampp\htdocs\Publico\Practicas\yii\framework\base\CApplication.php(184): CWebApplication->processRequest()
#9 B:\xampp\htdocs\Publico\Practicas\yii\facilito\index.php(13): CApplication->run()
#10 {main}
REQUEST_URI=/Publico/Practicas/yii/facilito/countries/index.cosa
HTTP_REFERER=http://localhost/Publico/Practicas/yii/facilito/countries/index.cosa
---
2015/07/17 02:23:13 [error] [exception.CException] exception 'CException' with message 'Property "CWebApplication.JGHappy" is not defined.' in B:\xampp\htdocs\Publico\Practicas\yii\framework\base\CComponent.php:130
Stack trace:
#0 B:\xampp\htdocs\Publico\Practicas\yii\framework\base\CModule.php(105): CComponent->__get('JGHappy')
#1 B:\xampp\htdocs\Publico\Practicas\yii\facilito\protected\controllers\CountriesController.php(8): CModule->__get('JGHappy')
#2 B:\xampp\htdocs\Publico\Practicas\yii\framework\web\actions\CInlineAction.php(49): CountriesController->actionIndex()
#3 B:\xampp\htdocs\Publico\Practicas\yii\framework\web\CController.php(308): CInlineAction->runWithParams(Array)
#4 B:\xampp\htdocs\Publico\Practicas\yii\framework\web\CController.php(286): CController->runAction(Object(CInlineAction))
#5 B:\xampp\htdocs\Publico\Practicas\yii\framework\web\CController.php(265): CController->runActionWithFilters(Object(CInlineAction), Array)
#6 B:\xampp\htdocs\Publico\Practicas\yii\framework\web\CWebApplication.php(282): CController->run('index')
#7 B:\xampp\htdocs\Publico\Practicas\yii\framework\web\CWebApplication.php(141): CWebApplication->runController('countries/index')
#8 B:\xampp\htdocs\Publico\Practicas\yii\framework\base\CApplication.php(184): CWebApplication->processRequest()
#9 B:\xampp\htdocs\Publico\Practicas\yii\facilito\index.php(13): CApplication->run()
#10 {main}
REQUEST_URI=/Publico/Practicas/yii/facilito/countries/index.cosa
HTTP_REFERER=http://localhost/Publico/Practicas/yii/facilito/countries/index.cosa
---
2015/07/17 02:24:03 [error] [exception.CException] exception 'CException' with message 'Property "JGHappy.hi" is not defined.' in B:\xampp\htdocs\Publico\Practicas\yii\framework\base\CComponent.php:130
Stack trace:
#0 B:\xampp\htdocs\Publico\Practicas\yii\facilito\protected\controllers\CountriesController.php(8): CComponent->__get('hi')
#1 B:\xampp\htdocs\Publico\Practicas\yii\framework\web\actions\CInlineAction.php(49): CountriesController->actionIndex()
#2 B:\xampp\htdocs\Publico\Practicas\yii\framework\web\CController.php(308): CInlineAction->runWithParams(Array)
#3 B:\xampp\htdocs\Publico\Practicas\yii\framework\web\CController.php(286): CController->runAction(Object(CInlineAction))
#4 B:\xampp\htdocs\Publico\Practicas\yii\framework\web\CController.php(265): CController->runActionWithFilters(Object(CInlineAction), Array)
#5 B:\xampp\htdocs\Publico\Practicas\yii\framework\web\CWebApplication.php(282): CController->run('index')
#6 B:\xampp\htdocs\Publico\Practicas\yii\framework\web\CWebApplication.php(141): CWebApplication->runController('countries/index')
#7 B:\xampp\htdocs\Publico\Practicas\yii\framework\base\CApplication.php(184): CWebApplication->processRequest()
#8 B:\xampp\htdocs\Publico\Practicas\yii\facilito\index.php(13): CApplication->run()
#9 {main}
REQUEST_URI=/Publico/Practicas/yii/facilito/countries/index.cosa
HTTP_REFERER=http://localhost/Publico/Practicas/yii/facilito/countries/index.cosa
---
